#
# There is insufficient memory for the Java Runtime Environment to continue.
# Native memory allocation (malloc) failed to allocate 656016 bytes for Chunk::new
# Possible reasons:
#   The system is out of physical RAM or swap space
#   The process is running with CompressedOops enabled, and the Java Heap may be blocking the growth of the native heap
# Possible solutions:
#   Reduce memory load on the system
#   Increase physical memory or swap space
#   Check if swap backing store is full
#   Decrease Java heap size (-Xmx/-Xms)
#   Decrease number of Java threads
#   Decrease Java thread stack sizes (-Xss)
#   Set larger code cache with -XX:ReservedCodeCacheSize=
#   JVM is running with Unscaled Compressed Oops mode in which the Java heap is
#     placed in the first 4GB address space. The Java Heap base address is the
#     maximum limit for the native heap growth. Please use -XX:HeapBaseMinAddress
#     to set the Java Heap base and to place the Java Heap above 4GB virtual address.
# This output file may be truncated or incomplete.
#
#  Out of Memory Error (./src/hotspot/share/memory/arena.cpp:197), pid=11736, tid=8504
#
# JRE version: OpenJDK Runtime Environment (11.0.13) (build 11.0.13+0-b1751.21-8125866)
# Java VM: OpenJDK 64-Bit Server VM (11.0.13+0-b1751.21-8125866, mixed mode, tiered, compressed oops, g1 gc, windows-amd64)
# No core dump will be written. Minidumps are not enabled by default on client versions of Windows
#

---------------  S U M M A R Y ------------

Command Line: --add-opens=java.base/java.util=ALL-UNNAMED --add-opens=java.base/java.lang=ALL-UNNAMED --add-opens=java.base/java.lang.invoke=ALL-UNNAMED --add-opens=java.base/java.util=ALL-UNNAMED --add-opens=java.prefs/java.util.prefs=ALL-UNNAMED --add-opens=java.prefs/java.util.prefs=ALL-UNNAMED --add-opens=java.base/java.nio.charset=ALL-UNNAMED --add-opens=java.base/java.net=ALL-UNNAMED --add-opens=java.base/java.util.concurrent.atomic=ALL-UNNAMED -Xmx2048m -Dfile.encoding=UTF-8 -Duser.country=GB -Duser.language=en -Duser.variant org.gradle.launcher.daemon.bootstrap.GradleDaemon 7.4

Host: Intel(R) Core(TM) i5-7300U CPU @ 2.60GHz, 4 cores, 7G,  Windows 10 , 64 bit Build 19041 (10.0.19041.1806)
Time: Sun Nov  6 14:14:09 2022 Central Europe Standard Time elapsed time: 23.368059 seconds (0d 0h 0m 23s)

---------------  T H R E A D  ---------------

Current thread (0x0000017359307000):  JavaThread "C2 CompilerThread0" daemon [_thread_in_native, id=8504, stack(0x0000000dd7500000,0x0000000dd7600000)]


Current CompileTask:
C2:  23368 4053       4       java.util.regex.Pattern::compile (498 bytes)

Stack: [0x0000000dd7500000,0x0000000dd7600000]
Native frames: (J=compiled Java code, j=interpreted, Vv=VM code, C=native code)
V  [jvm.dll+0x6100fa]
V  [jvm.dll+0x747090]
V  [jvm.dll+0x7486ad]
V  [jvm.dll+0x748d83]
V  [jvm.dll+0x24ab48]
V  [jvm.dll+0xc04dc]
V  [jvm.dll+0xc0a0c]
V  [jvm.dll+0x2bfab4]
V  [jvm.dll+0x524238]
V  [jvm.dll+0x20b193]
V  [jvm.dll+0x204ca0]
V  [jvm.dll+0x2023c2]
V  [jvm.dll+0x188e01]
V  [jvm.dll+0x21106b]
V  [jvm.dll+0x20f8c1]
V  [jvm.dll+0x70de0f]
V  [jvm.dll+0x706a75]
V  [jvm.dll+0x60ed66]
C  [ucrtbase.dll+0x21bb2]
C  [KERNEL32.DLL+0x17034]
C  [ntdll.dll+0x52651]


---------------  P R O C E S S  ---------------

Threads class SMR info:
_java_thread_list=0x000001735c7e1800, length=36, elements={
0x000001733ef2a800, 0x00000173592df800, 0x00000173592eb000, 0x0000017359c82800,
0x00000173592fc000, 0x00000173592fc800, 0x0000017359307000, 0x0000017359310000,
0x0000017359311800, 0x0000017359dca000, 0x000001735b51a000, 0x000001735b3e4000,
0x000001735c0e1000, 0x000001735c1c2800, 0x000001735c116000, 0x000001735b412800,
0x000001735ac3a800, 0x000001735ac49800, 0x000001735ceeb800, 0x000001735d6f6800,
0x000001735ae89800, 0x000001735ae8d000, 0x000001735ae89000, 0x000001735ae8b800,
0x000001735ae8e800, 0x000001735ae8a800, 0x000001735ae8c000, 0x000001735ae8e000,
0x000001735ae8f800, 0x0000017359f75000, 0x0000017359f76800, 0x0000017359f78800,
0x0000017359f73800, 0x0000017359f7d000, 0x0000017359f7b800, 0x0000017359f7f800
}

Java Threads: ( => current thread )
  0x000001733ef2a800 JavaThread "main" [_thread_blocked, id=11268, stack(0x0000000dd6900000,0x0000000dd6a00000)]
  0x00000173592df800 JavaThread "Reference Handler" daemon [_thread_blocked, id=10600, stack(0x0000000dd7000000,0x0000000dd7100000)]
  0x00000173592eb000 JavaThread "Finalizer" daemon [_thread_blocked, id=6764, stack(0x0000000dd7100000,0x0000000dd7200000)]
  0x0000017359c82800 JavaThread "Signal Dispatcher" daemon [_thread_blocked, id=9412, stack(0x0000000dd7200000,0x0000000dd7300000)]
  0x00000173592fc000 JavaThread "Attach Listener" daemon [_thread_blocked, id=3764, stack(0x0000000dd7300000,0x0000000dd7400000)]
  0x00000173592fc800 JavaThread "Service Thread" daemon [_thread_blocked, id=4900, stack(0x0000000dd7400000,0x0000000dd7500000)]
=>0x0000017359307000 JavaThread "C2 CompilerThread0" daemon [_thread_in_native, id=8504, stack(0x0000000dd7500000,0x0000000dd7600000)]
  0x0000017359310000 JavaThread "C1 CompilerThread0" daemon [_thread_blocked, id=15616, stack(0x0000000dd7600000,0x0000000dd7700000)]
  0x0000017359311800 JavaThread "Sweeper thread" daemon [_thread_blocked, id=256, stack(0x0000000dd7700000,0x0000000dd7800000)]
  0x0000017359dca000 JavaThread "Common-Cleaner" daemon [_thread_blocked, id=13008, stack(0x0000000dd7800000,0x0000000dd7900000)]
  0x000001735b51a000 JavaThread "Daemon health stats" [_thread_blocked, id=616, stack(0x0000000dd7d00000,0x0000000dd7e00000)]
  0x000001735b3e4000 JavaThread "Incoming local TCP Connector on port 59603" [_thread_in_native, id=14616, stack(0x0000000dd7a00000,0x0000000dd7b00000)]
  0x000001735c0e1000 JavaThread "Daemon periodic checks" [_thread_blocked, id=9176, stack(0x0000000dd7e00000,0x0000000dd7f00000)]
  0x000001735c1c2800 JavaThread "Daemon" [_thread_blocked, id=9584, stack(0x0000000dd7f00000,0x0000000dd8000000)]
  0x000001735c116000 JavaThread "Handler for socket connection from /127.0.0.1:59603 to /127.0.0.1:59604" [_thread_in_native, id=15124, stack(0x0000000dd8000000,0x0000000dd8100000)]
  0x000001735b412800 JavaThread "Cancel handler" [_thread_blocked, id=8548, stack(0x0000000dd8100000,0x0000000dd8200000)]
  0x000001735ac3a800 JavaThread "Daemon worker" [_thread_in_native, id=9420, stack(0x0000000dd8200000,0x0000000dd8300000)]
  0x000001735ac49800 JavaThread "Asynchronous log dispatcher for DefaultDaemonConnection: socket connection from /127.0.0.1:59603 to /127.0.0.1:59604" [_thread_blocked, id=13196, stack(0x0000000dd8300000,0x0000000dd8400000)]
  0x000001735ceeb800 JavaThread "Stdin handler" [_thread_blocked, id=2656, stack(0x0000000dd8400000,0x0000000dd8500000)]
  0x000001735d6f6800 JavaThread "Daemon client event forwarder" [_thread_blocked, id=1336, stack(0x0000000dd8500000,0x0000000dd8600000)]
  0x000001735ae89800 JavaThread "Cache worker for journal cache (C:\Users\vllah\.gradle\caches\journal-1)" [_thread_blocked, id=12748, stack(0x0000000dd8700000,0x0000000dd8800000)]
  0x000001735ae8d000 JavaThread "File lock request listener" [_thread_in_native, id=13636, stack(0x0000000dd8800000,0x0000000dd8900000)]
  0x000001735ae89000 JavaThread "Cache worker for file hash cache (C:\Users\vllah\.gradle\caches\7.4\fileHashes)" [_thread_blocked, id=13256, stack(0x0000000dd8900000,0x0000000dd8a00000)]
  0x000001735ae8b800 JavaThread "File watcher server" daemon [_thread_in_native, id=16440, stack(0x0000000dd8a00000,0x0000000dd8b00000)]
  0x000001735ae8e800 JavaThread "File watcher consumer" daemon [_thread_blocked, id=14904, stack(0x0000000dd8b00000,0x0000000dd8c00000)]
  0x000001735ae8a800 JavaThread "Cache worker for checksums cache (F:\EMS\TEST\.gradle\7.4\checksums)" [_thread_blocked, id=5004, stack(0x0000000dd8c00000,0x0000000dd8d00000)]
  0x000001735ae8c000 JavaThread "Cache worker for cache directory md-rule (C:\Users\vllah\.gradle\caches\7.4\md-rule)" [_thread_blocked, id=9516, stack(0x0000000dd8d00000,0x0000000dd8e00000)]
  0x000001735ae8e000 JavaThread "Cache worker for file hash cache (F:\EMS\TEST\.gradle\7.4\fileHashes)" [_thread_blocked, id=2792, stack(0x0000000dd8e00000,0x0000000dd8f00000)]
  0x000001735ae8f800 JavaThread "Cache worker for cache directory md-supplier (C:\Users\vllah\.gradle\caches\7.4\md-supplier)" [_thread_blocked, id=6752, stack(0x0000000dd8f00000,0x0000000dd9000000)]
  0x0000017359f75000 JavaThread "Cache worker for execution history cache (C:\Users\vllah\.gradle\caches\7.4\executionHistory)" [_thread_blocked, id=16648, stack(0x0000000dd9100000,0x0000000dd9200000)]
  0x0000017359f76800 JavaThread "jar transforms" [_thread_blocked, id=9896, stack(0x0000000dd9000000,0x0000000dd9100000)]
  0x0000017359f78800 JavaThread "Cache worker for file content cache (C:\Users\vllah\.gradle\caches\7.4\fileContent)" [_thread_blocked, id=10732, stack(0x0000000dd9200000,0x0000000dd9300000)]
  0x0000017359f73800 JavaThread "jar transforms Thread 2" [_thread_blocked, id=15900, stack(0x0000000dd9300000,0x0000000dd9400000)]
  0x0000017359f7d000 JavaThread "Cache worker for dependencies-accessors (F:\EMS\TEST\.gradle\7.4\dependencies-accessors)" [_thread_blocked, id=8880, stack(0x0000000dd9400000,0x0000000dd9500000)]
  0x0000017359f7b800 JavaThread "jar transforms Thread 3" [_thread_blocked, id=15368, stack(0x0000000dd9500000,0x0000000dd9600000)]
  0x0000017359f7f800 JavaThread "Cache worker for Build Output Cleanup Cache (F:\EMS\TEST\.gradle\buildOutputCleanup)" [_thread_blocked, id=576, stack(0x0000000dd9600000,0x0000000dd9700000)]

Other Threads:
  0x00000173592db800 VMThread "VM Thread" [stack: 0x0000000dd6f00000,0x0000000dd7000000] [id=584]
  0x0000017359de2800 WatcherThread [stack: 0x0000000dd7900000,0x0000000dd7a00000] [id=1488]
  0x000001733ef43000 GCTaskThread "GC Thread#0" [stack: 0x0000000dd6a00000,0x0000000dd6b00000] [id=14116]
  0x000001735a8e1800 GCTaskThread "GC Thread#1" [stack: 0x0000000dd7b00000,0x0000000dd7c00000] [id=9824]
  0x000001735a87f800 GCTaskThread "GC Thread#2" [stack: 0x0000000dd7c00000,0x0000000dd7d00000] [id=13184]
  0x000001735c2f0000 GCTaskThread "GC Thread#3" [stack: 0x0000000dd8600000,0x0000000dd8700000] [id=12372]
  0x000001733ef75000 ConcurrentGCThread "G1 Main Marker" [stack: 0x0000000dd6b00000,0x0000000dd6c00000] [id=14980]
  0x000001733ef76800 ConcurrentGCThread "G1 Conc#0" [stack: 0x0000000dd6c00000,0x0000000dd6d00000] [id=16640]
  0x000001733f008000 ConcurrentGCThread "G1 Refine#0" [stack: 0x0000000dd6d00000,0x0000000dd6e00000] [id=3544]
  0x000001733f009000 ConcurrentGCThread "G1 Young RemSet Sampling" [stack: 0x0000000dd6e00000,0x0000000dd6f00000] [id=7256]

Threads with active compile tasks:
C2 CompilerThread0  23511 4053       4       java.util.regex.Pattern::compile (498 bytes)
C1 CompilerThread0  23512 4297       2       org.gradle.api.internal.artifacts.ivyservice.modulecache.ModuleMetadataSerializer$Reader::readMavenDependency (142 bytes)

VM state:not at safepoint (normal execution)

VM Mutex/Monitor currently owned by a thread: None

Heap address: 0x0000000080000000, size: 2048 MB, Compressed Oops mode: 32-bit
Narrow klass base: 0x0000000000000000, Narrow klass shift: 3
Compressed class space size: 1073741824 Address: 0x0000000100000000

Heap:
 garbage-first heap   total 131072K, used 51292K [0x0000000080000000, 0x0000000100000000)
  region size 1024K, 25 young (25600K), 3 survivors (3072K)
 Metaspace       used 47787K, capacity 49011K, committed 49232K, reserved 1091584K
  class space    used 6065K, capacity 6528K, committed 6560K, reserved 1048576K
Heap Regions: E=young(eden), S=young(survivor), O=old, HS=humongous(starts), HC=humongous(continues), CS=collection set, F=free, A=archive, TAMS=top-at-mark-start (previous, next)
|   0|0x0000000080000000, 0x0000000080100000, 0x0000000080100000|100%|HS|  |TAMS 0x0000000080100000, 0x0000000080000000| Complete 
|   1|0x0000000080100000, 0x0000000080200000, 0x0000000080200000|100%|HC|  |TAMS 0x0000000080200000, 0x0000000080100000| Complete 
|   2|0x0000000080200000, 0x0000000080300000, 0x0000000080300000|100%|HC|  |TAMS 0x0000000080300000, 0x0000000080200000| Complete 
|   3|0x0000000080300000, 0x0000000080400000, 0x0000000080400000|100%| O|  |TAMS 0x0000000080400000, 0x0000000080300000| Untracked 
|   4|0x0000000080400000, 0x0000000080500000, 0x0000000080500000|100%| O|  |TAMS 0x0000000080500000, 0x0000000080400000| Untracked 
|   5|0x0000000080500000, 0x0000000080600000, 0x0000000080600000|100%| O|  |TAMS 0x0000000080600000, 0x0000000080500000| Untracked 
|   6|0x0000000080600000, 0x0000000080700000, 0x0000000080700000|100%| O|  |TAMS 0x0000000080700000, 0x0000000080600000| Untracked 
|   7|0x0000000080700000, 0x0000000080800000, 0x0000000080800000|100%| O|  |TAMS 0x0000000080800000, 0x0000000080700000| Untracked 
|   8|0x0000000080800000, 0x0000000080900000, 0x0000000080900000|100%| O|  |TAMS 0x0000000080900000, 0x0000000080800000| Untracked 
|   9|0x0000000080900000, 0x0000000080a00000, 0x0000000080a00000|100%| O|  |TAMS 0x0000000080a00000, 0x0000000080900000| Untracked 
|  10|0x0000000080a00000, 0x0000000080b00000, 0x0000000080b00000|100%| O|  |TAMS 0x0000000080b00000, 0x0000000080a00000| Untracked 
|  11|0x0000000080b00000, 0x0000000080c00000, 0x0000000080c00000|100%| O|  |TAMS 0x0000000080c00000, 0x0000000080b00000| Untracked 
|  12|0x0000000080c00000, 0x0000000080d00000, 0x0000000080d00000|100%| O|  |TAMS 0x0000000080d00000, 0x0000000080c00000| Untracked 
|  13|0x0000000080d00000, 0x0000000080e00000, 0x0000000080e00000|100%| O|  |TAMS 0x0000000080e00000, 0x0000000080d00000| Untracked 
|  14|0x0000000080e00000, 0x0000000080f00000, 0x0000000080f00000|100%| O|  |TAMS 0x0000000080f00000, 0x0000000080e00000| Untracked 
|  15|0x0000000080f00000, 0x0000000081000000, 0x0000000081000000|100%| O|  |TAMS 0x0000000081000000, 0x0000000080f00000| Untracked 
|  16|0x0000000081000000, 0x0000000081100000, 0x0000000081100000|100%| O|  |TAMS 0x0000000081100000, 0x0000000081000000| Untracked 
|  17|0x0000000081100000, 0x0000000081200000, 0x0000000081200000|100%| O|  |TAMS 0x0000000081200000, 0x0000000081100000| Untracked 
|  18|0x0000000081200000, 0x0000000081300000, 0x0000000081300000|100%| O|  |TAMS 0x00000000812b1200, 0x0000000081200000| Untracked 
|  19|0x0000000081300000, 0x0000000081300000, 0x0000000081400000|  0%| F|  |TAMS 0x0000000081300000, 0x0000000081300000| Untracked 
|  20|0x0000000081400000, 0x0000000081500000, 0x0000000081500000|100%| O|  |TAMS 0x0000000081400000, 0x0000000081400000| Untracked 
|  21|0x0000000081500000, 0x0000000081600000, 0x0000000081600000|100%| O|  |TAMS 0x0000000081500000, 0x0000000081500000| Untracked 
|  22|0x0000000081600000, 0x0000000081700000, 0x0000000081700000|100%| O|  |TAMS 0x0000000081600000, 0x0000000081600000| Untracked 
|  23|0x0000000081700000, 0x0000000081800000, 0x0000000081800000|100%| O|  |TAMS 0x0000000081700000, 0x0000000081700000| Untracked 
|  24|0x0000000081800000, 0x0000000081900000, 0x0000000081900000|100%| O|  |TAMS 0x0000000081800000, 0x0000000081800000| Untracked 
|  25|0x0000000081900000, 0x0000000081a00000, 0x0000000081a00000|100%| O|  |TAMS 0x0000000081900000, 0x0000000081900000| Untracked 
|  26|0x0000000081a00000, 0x0000000081b00000, 0x0000000081b00000|100%| O|  |TAMS 0x0000000081a00000, 0x0000000081a00000| Untracked 
|  27|0x0000000081b00000, 0x0000000081b6ba00, 0x0000000081c00000| 42%| O|  |TAMS 0x0000000081b00000, 0x0000000081b00000| Untracked 
|  28|0x0000000081c00000, 0x0000000081c00000, 0x0000000081d00000|  0%| F|  |TAMS 0x0000000081c00000, 0x0000000081c00000| Untracked 
|  29|0x0000000081d00000, 0x0000000081d00000, 0x0000000081e00000|  0%| F|  |TAMS 0x0000000081d00000, 0x0000000081d00000| Untracked 
|  30|0x0000000081e00000, 0x0000000081e00000, 0x0000000081f00000|  0%| F|  |TAMS 0x0000000081e00000, 0x0000000081e00000| Untracked 
|  31|0x0000000081f00000, 0x0000000081f00000, 0x0000000082000000|  0%| F|  |TAMS 0x0000000081f00000, 0x0000000081f00000| Untracked 
|  32|0x0000000082000000, 0x0000000082000000, 0x0000000082100000|  0%| F|  |TAMS 0x0000000082000000, 0x0000000082000000| Untracked 
|  33|0x0000000082100000, 0x0000000082100000, 0x0000000082200000|  0%| F|  |TAMS 0x0000000082100000, 0x0000000082100000| Untracked 
|  34|0x0000000082200000, 0x0000000082200000, 0x0000000082300000|  0%| F|  |TAMS 0x0000000082200000, 0x0000000082200000| Untracked 
|  35|0x0000000082300000, 0x0000000082300000, 0x0000000082400000|  0%| F|  |TAMS 0x0000000082300000, 0x0000000082300000| Untracked 
|  36|0x0000000082400000, 0x0000000082400000, 0x0000000082500000|  0%| F|  |TAMS 0x0000000082400000, 0x0000000082400000| Untracked 
|  37|0x0000000082500000, 0x0000000082500000, 0x0000000082600000|  0%| F|  |TAMS 0x0000000082500000, 0x0000000082500000| Untracked 
|  38|0x0000000082600000, 0x0000000082600000, 0x0000000082700000|  0%| F|  |TAMS 0x0000000082600000, 0x0000000082600000| Untracked 
|  39|0x0000000082700000, 0x0000000082700000, 0x0000000082800000|  0%| F|  |TAMS 0x0000000082700000, 0x0000000082700000| Untracked 
|  40|0x0000000082800000, 0x0000000082800000, 0x0000000082900000|  0%| F|  |TAMS 0x0000000082800000, 0x0000000082800000| Untracked 
|  41|0x0000000082900000, 0x0000000082900000, 0x0000000082a00000|  0%| F|  |TAMS 0x0000000082900000, 0x0000000082900000| Untracked 
|  42|0x0000000082a00000, 0x0000000082a00000, 0x0000000082b00000|  0%| F|  |TAMS 0x0000000082a00000, 0x0000000082a00000| Untracked 
|  43|0x0000000082b00000, 0x0000000082b00000, 0x0000000082c00000|  0%| F|  |TAMS 0x0000000082b00000, 0x0000000082b00000| Untracked 
|  44|0x0000000082c00000, 0x0000000082c00000, 0x0000000082d00000|  0%| F|  |TAMS 0x0000000082c00000, 0x0000000082c00000| Untracked 
|  45|0x0000000082d00000, 0x0000000082d00000, 0x0000000082e00000|  0%| F|  |TAMS 0x0000000082d00000, 0x0000000082d00000| Untracked 
|  46|0x0000000082e00000, 0x0000000082e00000, 0x0000000082f00000|  0%| F|  |TAMS 0x0000000082e00000, 0x0000000082e00000| Untracked 
|  47|0x0000000082f00000, 0x0000000082f00000, 0x0000000083000000|  0%| F|  |TAMS 0x0000000082f00000, 0x0000000082f00000| Untracked 
|  48|0x0000000083000000, 0x0000000083000000, 0x0000000083100000|  0%| F|  |TAMS 0x0000000083000000, 0x0000000083000000| Untracked 
|  49|0x0000000083100000, 0x0000000083100000, 0x0000000083200000|  0%| F|  |TAMS 0x0000000083100000, 0x0000000083100000| Untracked 
|  50|0x0000000083200000, 0x0000000083200000, 0x0000000083300000|  0%| F|  |TAMS 0x0000000083200000, 0x0000000083200000| Untracked 
|  51|0x0000000083300000, 0x0000000083300000, 0x0000000083400000|  0%| F|  |TAMS 0x0000000083300000, 0x0000000083300000| Untracked 
|  52|0x0000000083400000, 0x0000000083400000, 0x0000000083500000|  0%| F|  |TAMS 0x0000000083400000, 0x0000000083400000| Untracked 
|  53|0x0000000083500000, 0x0000000083500000, 0x0000000083600000|  0%| F|  |TAMS 0x0000000083500000, 0x0000000083500000| Untracked 
|  54|0x0000000083600000, 0x0000000083600000, 0x0000000083700000|  0%| F|  |TAMS 0x0000000083600000, 0x0000000083600000| Untracked 
|  55|0x0000000083700000, 0x0000000083700000, 0x0000000083800000|  0%| F|  |TAMS 0x0000000083700000, 0x0000000083700000| Untracked 
|  56|0x0000000083800000, 0x0000000083800000, 0x0000000083900000|  0%| F|  |TAMS 0x0000000083800000, 0x0000000083800000| Untracked 
|  57|0x0000000083900000, 0x0000000083900000, 0x0000000083a00000|  0%| F|  |TAMS 0x0000000083900000, 0x0000000083900000| Untracked 
|  58|0x0000000083a00000, 0x0000000083a00000, 0x0000000083b00000|  0%| F|  |TAMS 0x0000000083a00000, 0x0000000083a00000| Untracked 
|  59|0x0000000083b00000, 0x0000000083b00000, 0x0000000083c00000|  0%| F|  |TAMS 0x0000000083b00000, 0x0000000083b00000| Untracked 
|  60|0x0000000083c00000, 0x0000000083c00000, 0x0000000083d00000|  0%| F|  |TAMS 0x0000000083c00000, 0x0000000083c00000| Untracked 
|  61|0x0000000083d00000, 0x0000000083d00000, 0x0000000083e00000|  0%| F|  |TAMS 0x0000000083d00000, 0x0000000083d00000| Untracked 
|  62|0x0000000083e00000, 0x0000000083eab670, 0x0000000083f00000| 66%| S|CS|TAMS 0x0000000083e00000, 0x0000000083e00000| Complete 
|  63|0x0000000083f00000, 0x0000000084000000, 0x0000000084000000|100%| S|CS|TAMS 0x0000000083f00000, 0x0000000083f00000| Complete 
|  64|0x0000000084000000, 0x0000000084100000, 0x0000000084100000|100%| S|CS|TAMS 0x0000000084000000, 0x0000000084000000| Complete 
|  65|0x0000000084100000, 0x0000000084100000, 0x0000000084200000|  0%| F|  |TAMS 0x0000000084100000, 0x0000000084100000| Untracked 
|  66|0x0000000084200000, 0x0000000084200000, 0x0000000084300000|  0%| F|  |TAMS 0x0000000084200000, 0x0000000084200000| Untracked 
|  67|0x0000000084300000, 0x0000000084300000, 0x0000000084400000|  0%| F|  |TAMS 0x0000000084300000, 0x0000000084300000| Untracked 
|  68|0x0000000084400000, 0x0000000084400000, 0x0000000084500000|  0%| F|  |TAMS 0x0000000084400000, 0x0000000084400000| Untracked 
|  69|0x0000000084500000, 0x0000000084500000, 0x0000000084600000|  0%| F|  |TAMS 0x0000000084500000, 0x0000000084500000| Untracked 
|  70|0x0000000084600000, 0x0000000084600000, 0x0000000084700000|  0%| F|  |TAMS 0x0000000084600000, 0x0000000084600000| Untracked 
|  71|0x0000000084700000, 0x0000000084700000, 0x0000000084800000|  0%| F|  |TAMS 0x0000000084700000, 0x0000000084700000| Untracked 
|  72|0x0000000084800000, 0x0000000084800000, 0x0000000084900000|  0%| F|  |TAMS 0x0000000084800000, 0x0000000084800000| Untracked 
|  73|0x0000000084900000, 0x0000000084900000, 0x0000000084a00000|  0%| F|  |TAMS 0x0000000084900000, 0x0000000084900000| Untracked 
|  74|0x0000000084a00000, 0x0000000084a00000, 0x0000000084b00000|  0%| F|  |TAMS 0x0000000084a00000, 0x0000000084a00000| Untracked 
|  75|0x0000000084b00000, 0x0000000084b00000, 0x0000000084c00000|  0%| F|  |TAMS 0x0000000084b00000, 0x0000000084b00000| Untracked 
|  76|0x0000000084c00000, 0x0000000084c00000, 0x0000000084d00000|  0%| F|  |TAMS 0x0000000084c00000, 0x0000000084c00000| Untracked 
|  77|0x0000000084d00000, 0x0000000084d00000, 0x0000000084e00000|  0%| F|  |TAMS 0x0000000084d00000, 0x0000000084d00000| Untracked 
|  78|0x0000000084e00000, 0x0000000084e00000, 0x0000000084f00000|  0%| F|  |TAMS 0x0000000084e00000, 0x0000000084e00000| Untracked 
|  79|0x0000000084f00000, 0x0000000084f00000, 0x0000000085000000|  0%| F|  |TAMS 0x0000000084f00000, 0x0000000084f00000| Untracked 
|  80|0x0000000085000000, 0x0000000085000000, 0x0000000085100000|  0%| F|  |TAMS 0x0000000085000000, 0x0000000085000000| Untracked 
|  81|0x0000000085100000, 0x0000000085100000, 0x0000000085200000|  0%| F|  |TAMS 0x0000000085100000, 0x0000000085100000| Untracked 
|  82|0x0000000085200000, 0x0000000085200000, 0x0000000085300000|  0%| F|  |TAMS 0x0000000085200000, 0x0000000085200000| Untracked 
|  83|0x0000000085300000, 0x0000000085300000, 0x0000000085400000|  0%| F|  |TAMS 0x0000000085300000, 0x0000000085300000| Untracked 
|  84|0x0000000085400000, 0x0000000085400000, 0x0000000085500000|  0%| F|  |TAMS 0x0000000085400000, 0x0000000085400000| Untracked 
|  85|0x0000000085500000, 0x0000000085500000, 0x0000000085600000|  0%| F|  |TAMS 0x0000000085500000, 0x0000000085500000| Untracked 
|  86|0x0000000085600000, 0x0000000085600000, 0x0000000085700000|  0%| F|  |TAMS 0x0000000085600000, 0x0000000085600000| Untracked 
|  87|0x0000000085700000, 0x0000000085700000, 0x0000000085800000|  0%| F|  |TAMS 0x0000000085700000, 0x0000000085700000| Untracked 
|  88|0x0000000085800000, 0x0000000085800000, 0x0000000085900000|  0%| F|  |TAMS 0x0000000085800000, 0x0000000085800000| Untracked 
|  89|0x0000000085900000, 0x0000000085900000, 0x0000000085a00000|  0%| F|  |TAMS 0x0000000085900000, 0x0000000085900000| Untracked 
|  90|0x0000000085a00000, 0x0000000085a00000, 0x0000000085b00000|  0%| F|  |TAMS 0x0000000085a00000, 0x0000000085a00000| Untracked 
|  91|0x0000000085b00000, 0x0000000085b00000, 0x0000000085c00000|  0%| F|  |TAMS 0x0000000085b00000, 0x0000000085b00000| Untracked 
|  92|0x0000000085c00000, 0x0000000085c00000, 0x0000000085d00000|  0%| F|  |TAMS 0x0000000085c00000, 0x0000000085c00000| Untracked 
|  93|0x0000000085d00000, 0x0000000085d00000, 0x0000000085e00000|  0%| F|  |TAMS 0x0000000085d00000, 0x0000000085d00000| Untracked 
|  94|0x0000000085e00000, 0x0000000085e00000, 0x0000000085f00000|  0%| F|  |TAMS 0x0000000085e00000, 0x0000000085e00000| Untracked 
|  95|0x0000000085f00000, 0x0000000085f00000, 0x0000000086000000|  0%| F|  |TAMS 0x0000000085f00000, 0x0000000085f00000| Untracked 
|  96|0x0000000086000000, 0x0000000086000000, 0x0000000086100000|  0%| F|  |TAMS 0x0000000086000000, 0x0000000086000000| Untracked 
|  97|0x0000000086100000, 0x0000000086100000, 0x0000000086200000|  0%| F|  |TAMS 0x0000000086100000, 0x0000000086100000| Untracked 
|  98|0x0000000086200000, 0x0000000086200000, 0x0000000086300000|  0%| F|  |TAMS 0x0000000086200000, 0x0000000086200000| Untracked 
|  99|0x0000000086300000, 0x0000000086300000, 0x0000000086400000|  0%| F|  |TAMS 0x0000000086300000, 0x0000000086300000| Untracked 
| 100|0x0000000086400000, 0x0000000086400000, 0x0000000086500000|  0%| F|  |TAMS 0x0000000086400000, 0x0000000086400000| Untracked 
| 101|0x0000000086500000, 0x0000000086500000, 0x0000000086600000|  0%| F|  |TAMS 0x0000000086500000, 0x0000000086500000| Untracked 
| 102|0x0000000086600000, 0x0000000086600000, 0x0000000086700000|  0%| F|  |TAMS 0x0000000086600000, 0x0000000086600000| Untracked 
| 103|0x0000000086700000, 0x0000000086700000, 0x0000000086800000|  0%| F|  |TAMS 0x0000000086700000, 0x0000000086700000| Untracked 
| 104|0x0000000086800000, 0x0000000086800000, 0x0000000086900000|  0%| F|  |TAMS 0x0000000086800000, 0x0000000086800000| Untracked 
| 105|0x0000000086900000, 0x0000000086981010, 0x0000000086a00000| 50%| E|  |TAMS 0x0000000086900000, 0x0000000086900000| Complete 
| 106|0x0000000086a00000, 0x0000000086b00000, 0x0000000086b00000|100%| E|CS|TAMS 0x0000000086a00000, 0x0000000086a00000| Complete 
| 107|0x0000000086b00000, 0x0000000086c00000, 0x0000000086c00000|100%| E|CS|TAMS 0x0000000086b00000, 0x0000000086b00000| Complete 
| 108|0x0000000086c00000, 0x0000000086d00000, 0x0000000086d00000|100%| E|CS|TAMS 0x0000000086c00000, 0x0000000086c00000| Complete 
| 109|0x0000000086d00000, 0x0000000086e00000, 0x0000000086e00000|100%| E|CS|TAMS 0x0000000086d00000, 0x0000000086d00000| Complete 
| 110|0x0000000086e00000, 0x0000000086f00000, 0x0000000086f00000|100%| E|CS|TAMS 0x0000000086e00000, 0x0000000086e00000| Complete 
| 111|0x0000000086f00000, 0x0000000087000000, 0x0000000087000000|100%| E|CS|TAMS 0x0000000086f00000, 0x0000000086f00000| Complete 
| 112|0x0000000087000000, 0x0000000087100000, 0x0000000087100000|100%| E|CS|TAMS 0x0000000087000000, 0x0000000087000000| Complete 
| 113|0x0000000087100000, 0x0000000087200000, 0x0000000087200000|100%| E|CS|TAMS 0x0000000087100000, 0x0000000087100000| Complete 
| 114|0x0000000087200000, 0x0000000087300000, 0x0000000087300000|100%| E|CS|TAMS 0x0000000087200000, 0x0000000087200000| Complete 
| 115|0x0000000087300000, 0x0000000087400000, 0x0000000087400000|100%| E|CS|TAMS 0x0000000087300000, 0x0000000087300000| Complete 
| 116|0x0000000087400000, 0x0000000087500000, 0x0000000087500000|100%| E|CS|TAMS 0x0000000087400000, 0x0000000087400000| Complete 
| 117|0x0000000087500000, 0x0000000087600000, 0x0000000087600000|100%| E|CS|TAMS 0x0000000087500000, 0x0000000087500000| Complete 
| 118|0x0000000087600000, 0x0000000087700000, 0x0000000087700000|100%| E|CS|TAMS 0x0000000087600000, 0x0000000087600000| Complete 
| 119|0x0000000087700000, 0x0000000087800000, 0x0000000087800000|100%| E|CS|TAMS 0x0000000087700000, 0x0000000087700000| Complete 
| 120|0x0000000087800000, 0x0000000087900000, 0x0000000087900000|100%| E|CS|TAMS 0x0000000087800000, 0x0000000087800000| Complete 
| 121|0x0000000087900000, 0x0000000087a00000, 0x0000000087a00000|100%| E|CS|TAMS 0x0000000087900000, 0x0000000087900000| Complete 
| 122|0x0000000087a00000, 0x0000000087b00000, 0x0000000087b00000|100%| E|CS|TAMS 0x0000000087a00000, 0x0000000087a00000| Complete 
| 123|0x0000000087b00000, 0x0000000087c00000, 0x0000000087c00000|100%| E|CS|TAMS 0x0000000087b00000, 0x0000000087b00000| Complete 
| 124|0x0000000087c00000, 0x0000000087d00000, 0x0000000087d00000|100%| E|CS|TAMS 0x0000000087c00000, 0x0000000087c00000| Complete 
| 125|0x0000000087d00000, 0x0000000087e00000, 0x0000000087e00000|100%| E|CS|TAMS 0x0000000087d00000, 0x0000000087d00000| Complete 
| 126|0x0000000087e00000, 0x0000000087f00000, 0x0000000087f00000|100%| E|CS|TAMS 0x0000000087e00000, 0x0000000087e00000| Complete 
| 127|0x0000000087f00000, 0x0000000088000000, 0x0000000088000000|100%| E|CS|TAMS 0x0000000087f00000, 0x0000000087f00000| Complete 

Card table byte_map: [0x00000173524a0000,0x00000173528a0000] _byte_map_base: 0x00000173520a0000

Marking Bits (Prev, Next): (CMBitMap*) 0x000001733ef6c218, (CMBitMap*) 0x000001733ef6c250
 Prev Bits: [0x0000017352ca0000, 0x0000017354ca0000)
 Next Bits: [0x0000017354ca0000, 0x0000017356ca0000)

Polling page: 0x0000017342a50000

Metaspace:

Usage:
  Non-class:     41.49 MB capacity,    40.77 MB ( 98%) used,   616.38 KB (  1%) free+waste,   122.06 KB ( <1%) overhead. 
      Class:      6.38 MB capacity,     5.92 MB ( 93%) used,   403.97 KB (  6%) free+waste,    58.25 KB ( <1%) overhead. 
       Both:     47.87 MB capacity,    46.69 MB ( 98%) used,  1020.35 KB (  2%) free+waste,   180.31 KB ( <1%) overhead. 

Virtual space:
  Non-class space:       42.00 MB reserved,      41.67 MB (>99%) committed 
      Class space:        1.00 GB reserved,       6.41 MB ( <1%) committed 
             Both:        1.04 GB reserved,      48.08 MB (  5%) committed 

Chunk freelists:
   Non-Class:  58.00 KB
       Class:  0 bytes
        Both:  58.00 KB

MaxMetaspaceSize: 17179869184.00 GB
CompressedClassSpaceSize: 1.00 GB
Initial GC threshold: 20.80 MB
Current GC threshold: 59.09 MB
CDS: off

CodeHeap 'non-profiled nmethods': size=120064Kb used=2499Kb max_used=2499Kb free=117564Kb
 bounds [0x000001734a530000, 0x000001734a7b0000, 0x0000017351a70000]
CodeHeap 'profiled nmethods': size=120000Kb used=9055Kb max_used=9055Kb free=110945Kb
 bounds [0x0000017343000000, 0x00000173438e0000, 0x000001734a530000]
CodeHeap 'non-nmethods': size=5696Kb used=2289Kb max_used=2327Kb free=3406Kb
 bounds [0x0000017342a70000, 0x0000017342ce0000, 0x0000017343000000]
 total_blobs=5103 nmethods=4314 adapters=701
 compilation: enabled
              stopped_count=0, restarted_count=0
 full_count=0

Compilation events (20 events):
Event: 22.891 Thread 0x0000017359310000 4172       1       org.gradle.api.internal.artifacts.ivyservice.resolveengine.graph.builder.ModuleResolveState::getSelected (5 bytes)
Event: 22.891 Thread 0x0000017359310000 nmethod 4172 0x000001734a791390 code [0x000001734a791540, 0x000001734a7915f8]
Event: 22.898 Thread 0x0000017359310000 4173       1       org.gradle.api.internal.artifacts.ivyservice.resolveengine.graph.builder.SelectorState::getTargetModule (5 bytes)
Event: 22.899 Thread 0x0000017359310000 nmethod 4173 0x000001734a791690 code [0x000001734a791840, 0x000001734a7918f8]
Event: 22.922 Thread 0x0000017359310000 4174       1       org.gradle.internal.component.external.model.DefaultModuleComponentIdentifier::getModuleIdentifier (5 bytes)
Event: 22.922 Thread 0x0000017359310000 nmethod 4174 0x000001734a791990 code [0x000001734a791b40, 0x000001734a791bf8]
Event: 22.923 Thread 0x0000017359310000 4175       3       org.gradle.cache.internal.btree.CachingBlockStore::read (56 bytes)
Event: 22.924 Thread 0x0000017359310000 nmethod 4175 0x00000173438b1f90 code [0x00000173438b2280, 0x00000173438b34a8]
Event: 22.924 Thread 0x0000017359310000 4176       3       org.gradle.cache.internal.btree.CachingBlockStore::maybeGetFromCache (31 bytes)
Event: 22.925 Thread 0x0000017359310000 nmethod 4176 0x00000173438b3a90 code [0x00000173438b3cc0, 0x00000173438b4358]
Event: 22.929 Thread 0x0000017359310000 4177       3       org.gradle.cache.internal.btree.StateCheckBlockStore::read (33 bytes)
Event: 22.929 Thread 0x0000017359310000 nmethod 4177 0x00000173438b4590 code [0x00000173438b4740, 0x00000173438b4908]
Event: 22.929 Thread 0x0000017359310000 4178       3       org.gradle.cache.internal.btree.FreeListBlockStore::read (12 bytes)
Event: 22.929 Thread 0x0000017359310000 nmethod 4178 0x00000173438b4a10 code [0x00000173438b4bc0, 0x00000173438b4d88]
Event: 22.962 Thread 0x0000017359310000 4179       3       com.google.common.cache.LocalCache$Segment::postReadCleanup (18 bytes)
Event: 22.963 Thread 0x0000017359310000 nmethod 4179 0x00000173438b4e90 code [0x00000173438b50a0, 0x00000173438b56c8]
Event: 22.965 Thread 0x0000017359310000 4180       3       java.security.MessageDigest::update (45 bytes)
Event: 22.966 Thread 0x0000017359310000 nmethod 4180 0x00000173438b5910 code [0x00000173438b5b00, 0x00000173438b5ec8]
Event: 22.968 Thread 0x0000017359310000 4181       3       java.lang.ThreadLocal::setInitialValue (50 bytes)
Event: 22.969 Thread 0x0000017359310000 nmethod 4181 0x00000173438b6010 code [0x00000173438b6240, 0x00000173438b6b38]

GC Heap History (18 events):
Event: 1.097 GC heap before
{Heap before GC invocations=0 (full 0):
 garbage-first heap   total 131072K, used 16384K [0x0000000080000000, 0x0000000100000000)
  region size 1024K, 14 young (14336K), 0 survivors (0K)
 Metaspace       used 6741K, capacity 6925K, committed 7168K, reserved 1056768K
  class space    used 572K, capacity 650K, committed 768K, reserved 1048576K
}
Event: 1.108 GC heap after
{Heap after GC invocations=1 (full 0):
 garbage-first heap   total 131072K, used 4339K [0x0000000080000000, 0x0000000100000000)
  region size 1024K, 2 young (2048K), 2 survivors (2048K)
 Metaspace       used 6741K, capacity 6925K, committed 7168K, reserved 1056768K
  class space    used 572K, capacity 650K, committed 768K, reserved 1048576K
}
Event: 2.589 GC heap before
{Heap before GC invocations=1 (full 0):
 garbage-first heap   total 131072K, used 48371K [0x0000000080000000, 0x0000000100000000)
  region size 1024K, 41 young (41984K), 2 survivors (2048K)
 Metaspace       used 11257K, capacity 11446K, committed 11520K, reserved 1058816K
  class space    used 1156K, capacity 1246K, committed 1280K, reserved 1048576K
}
Event: 2.597 GC heap after
{Heap after GC invocations=2 (full 0):
 garbage-first heap   total 131072K, used 11693K [0x0000000080000000, 0x0000000100000000)
  region size 1024K, 6 young (6144K), 6 survivors (6144K)
 Metaspace       used 11257K, capacity 11446K, committed 11520K, reserved 1058816K
  class space    used 1156K, capacity 1246K, committed 1280K, reserved 1048576K
}
Event: 6.184 GC heap before
{Heap before GC invocations=2 (full 0):
 garbage-first heap   total 131072K, used 52653K [0x0000000080000000, 0x0000000100000000)
  region size 1024K, 47 young (48128K), 6 survivors (6144K)
 Metaspace       used 17575K, capacity 17945K, committed 18176K, reserved 1064960K
  class space    used 2036K, capacity 2179K, committed 2304K, reserved 1048576K
}
Event: 6.200 GC heap after
{Heap after GC invocations=3 (full 0):
 garbage-first heap   total 131072K, used 16092K [0x0000000080000000, 0x0000000100000000)
  region size 1024K, 6 young (6144K), 6 survivors (6144K)
 Metaspace       used 17575K, capacity 17945K, committed 18176K, reserved 1064960K
  class space    used 2036K, capacity 2179K, committed 2304K, reserved 1048576K
}
Event: 7.187 GC heap before
{Heap before GC invocations=3 (full 0):
 garbage-first heap   total 131072K, used 45788K [0x0000000080000000, 0x0000000100000000)
  region size 1024K, 36 young (36864K), 6 survivors (6144K)
 Metaspace       used 20833K, capacity 21185K, committed 21296K, reserved 1069056K
  class space    used 2530K, capacity 2684K, committed 2688K, reserved 1048576K
}
Event: 7.200 GC heap after
{Heap after GC invocations=4 (full 0):
 garbage-first heap   total 131072K, used 17331K [0x0000000080000000, 0x0000000100000000)
  region size 1024K, 5 young (5120K), 5 survivors (5120K)
 Metaspace       used 20833K, capacity 21185K, committed 21296K, reserved 1069056K
  class space    used 2530K, capacity 2684K, committed 2688K, reserved 1048576K
}
Event: 9.292 GC heap before
{Heap before GC invocations=5 (full 0):
 garbage-first heap   total 131072K, used 70579K [0x0000000080000000, 0x0000000100000000)
  region size 1024K, 57 young (58368K), 5 survivors (5120K)
 Metaspace       used 26555K, capacity 27157K, committed 27388K, reserved 1073152K
  class space    used 3429K, capacity 3642K, committed 3660K, reserved 1048576K
}
Event: 9.306 GC heap after
{Heap after GC invocations=6 (full 0):
 garbage-first heap   total 131072K, used 19248K [0x0000000080000000, 0x0000000100000000)
  region size 1024K, 3 young (3072K), 3 survivors (3072K)
 Metaspace       used 26555K, capacity 27157K, committed 27388K, reserved 1073152K
  class space    used 3429K, capacity 3642K, committed 3660K, reserved 1048576K
}
Event: 12.156 GC heap before
{Heap before GC invocations=6 (full 0):
 garbage-first heap   total 131072K, used 78640K [0x0000000080000000, 0x0000000100000000)
  region size 1024K, 61 young (62464K), 3 survivors (3072K)
 Metaspace       used 34938K, capacity 35745K, committed 35964K, reserved 1081344K
  class space    used 4483K, capacity 4782K, committed 4812K, reserved 1048576K
}
Event: 12.168 GC heap after
{Heap after GC invocations=7 (full 0):
 garbage-first heap   total 131072K, used 22628K [0x0000000080000000, 0x0000000100000000)
  region size 1024K, 7 young (7168K), 7 survivors (7168K)
 Metaspace       used 34938K, capacity 35745K, committed 35964K, reserved 1081344K
  class space    used 4483K, capacity 4782K, committed 4812K, reserved 1048576K
}
Event: 12.273 GC heap before
{Heap before GC invocations=7 (full 0):
 garbage-first heap   total 131072K, used 23652K [0x0000000080000000, 0x0000000100000000)
  region size 1024K, 9 young (9216K), 7 survivors (7168K)
 Metaspace       used 35167K, capacity 35938K, committed 36048K, reserved 1081344K
  class space    used 4511K, capacity 4826K, committed 4896K, reserved 1048576K
}
Event: 12.291 GC heap after
{Heap after GC invocations=8 (full 0):
 garbage-first heap   total 131072K, used 23005K [0x0000000080000000, 0x0000000100000000)
  region size 1024K, 4 young (4096K), 4 survivors (4096K)
 Metaspace       used 35167K, capacity 35938K, committed 36048K, reserved 1081344K
  class space    used 4511K, capacity 4826K, committed 4896K, reserved 1048576K
}
Event: 16.425 GC heap before
{Heap before GC invocations=9 (full 0):
 garbage-first heap   total 131072K, used 88541K [0x0000000080000000, 0x0000000100000000)
  region size 1024K, 66 young (67584K), 4 survivors (4096K)
 Metaspace       used 40158K, capacity 41098K, committed 41296K, reserved 1085440K
  class space    used 5070K, capacity 5410K, committed 5536K, reserved 1048576K
}
Event: 16.442 GC heap after
{Heap after GC invocations=10 (full 0):
 garbage-first heap   total 131072K, used 27996K [0x0000000080000000, 0x0000000100000000)
  region size 1024K, 9 young (9216K), 9 survivors (9216K)
 Metaspace       used 40158K, capacity 41098K, committed 41296K, reserved 1085440K
  class space    used 5070K, capacity 5410K, committed 5536K, reserved 1048576K
}
Event: 20.802 GC heap before
{Heap before GC invocations=10 (full 0):
 garbage-first heap   total 131072K, used 92508K [0x0000000080000000, 0x0000000100000000)
  region size 1024K, 72 young (73728K), 9 survivors (9216K)
 Metaspace       used 46160K, capacity 47255K, committed 47440K, reserved 1091584K
  class space    used 5846K, capacity 6260K, committed 6304K, reserved 1048576K
}
Event: 20.850 GC heap after
{Heap after GC invocations=11 (full 0):
 garbage-first heap   total 131072K, used 29788K [0x0000000080000000, 0x0000000100000000)
  region size 1024K, 3 young (3072K), 3 survivors (3072K)
 Metaspace       used 46160K, capacity 47255K, committed 47440K, reserved 1091584K
  class space    used 5846K, capacity 6260K, committed 6304K, reserved 1048576K
}

Deoptimization events (20 events):
Event: 18.077 Thread 0x000001735ac3a800 Uncommon trap: trap_request=0xffffff4d fr.pc=0x000001734a67ad88 relative=0x00000000000000e8
Event: 18.077 Thread 0x000001735ac3a800 Uncommon trap: reason=unstable_if action=reinterpret pc=0x000001734a67ad88 method=org.objectweb.asm.ByteVector.putShort(I)Lorg/objectweb/asm/ByteVector; @ 13 c2
Event: 18.077 Thread 0x000001735ac3a800 DEOPT PACKING pc=0x000001734a67ad88 sp=0x0000000dd82f8ee0
Event: 18.077 Thread 0x000001735ac3a800 DEOPT UNPACKING pc=0x0000017342aba1af sp=0x0000000dd82f8e78 mode 2
Event: 18.488 Thread 0x000001735ac3a800 Uncommon trap: trap_request=0xffffff4d fr.pc=0x000001734a6a7ae0 relative=0x0000000000001a60
Event: 18.489 Thread 0x000001735ac3a800 Uncommon trap: reason=unstable_if action=reinterpret pc=0x000001734a6a7ae0 method=java.util.concurrent.ConcurrentHashMap.computeIfAbsent(Ljava/lang/Object;Ljava/util/function/Function;)Ljava/lang/Object; @ 123 c2
Event: 18.489 Thread 0x000001735ac3a800 DEOPT PACKING pc=0x000001734a6a7ae0 sp=0x0000000dd82fa330
Event: 18.489 Thread 0x000001735ac3a800 DEOPT UNPACKING pc=0x0000017342aba1af sp=0x0000000dd82fa2d0 mode 2
Event: 19.091 Thread 0x000001735ac3a800 Uncommon trap: trap_request=0xffffff7e fr.pc=0x000001734a65fe20 relative=0x0000000000000240
Event: 19.091 Thread 0x000001735ac3a800 Uncommon trap: reason=predicate action=maybe_recompile pc=0x000001734a65fe20 method=com.google.common.base.CharMatcher.indexIn(Ljava/lang/CharSequence;I)I @ 19 c2
Event: 19.091 Thread 0x000001735ac3a800 DEOPT PACKING pc=0x000001734a65fe20 sp=0x0000000dd82f7ee0
Event: 19.091 Thread 0x000001735ac3a800 DEOPT UNPACKING pc=0x0000017342aba1af sp=0x0000000dd82f7e88 mode 2
Event: 19.348 Thread 0x000001735ac3a800 Uncommon trap: trap_request=0xffffff4d fr.pc=0x000001734a58a8dc relative=0x000000000000011c
Event: 19.348 Thread 0x000001735ac3a800 Uncommon trap: reason=unstable_if action=reinterpret pc=0x000001734a58a8dc method=java.net.URI.match(CJJ)Z @ 45 c2
Event: 19.348 Thread 0x000001735ac3a800 DEOPT PACKING pc=0x000001734a58a8dc sp=0x0000000dd82f8a70
Event: 19.349 Thread 0x000001735ac3a800 DEOPT UNPACKING pc=0x0000017342aba1af sp=0x0000000dd82f89a8 mode 2
Event: 19.349 Thread 0x000001735ac3a800 Uncommon trap: trap_request=0xffffff4d fr.pc=0x000001734a54f668 relative=0x0000000000000048
Event: 19.349 Thread 0x000001735ac3a800 Uncommon trap: reason=unstable_if action=reinterpret pc=0x000001734a54f668 method=java.net.URI.match(CJJ)Z @ 19 c2
Event: 19.349 Thread 0x000001735ac3a800 DEOPT PACKING pc=0x000001734a54f668 sp=0x0000000dd82f8a80
Event: 19.349 Thread 0x000001735ac3a800 DEOPT UNPACKING pc=0x0000017342aba1af sp=0x0000000dd82f8a30 mode 2

Classes redefined (0 events):
No events

Internal exceptions (20 events):
Event: 17.767 Thread 0x000001735ac3a800 Implicit null exception at 0x000001734a62dcf4 to 0x000001734a62df08
Event: 17.767 Thread 0x000001735ac3a800 Implicit null exception at 0x000001734a55b8f8 to 0x000001734a55b98a
Event: 19.041 Thread 0x000001735ac3a800 Exception <a 'java/lang/ClassNotFoundException'{0x0000000085fae910}: build_1cvqdi5lh229gilgvnotwk69tBeanInfo> (0x0000000085fae910) thrown at [./src/hotspot/share/classfile/systemDictionary.cpp, line 231]
Event: 19.042 Thread 0x000001735ac3a800 Exception <a 'java/lang/ClassNotFoundException'{0x0000000085fc4b08}: org/gradle/api/internal/project/ProjectScriptBeanInfo> (0x0000000085fc4b08) thrown at [./src/hotspot/share/classfile/systemDictionary.cpp, line 231]
Event: 19.043 Thread 0x000001735ac3a800 Exception <a 'java/lang/ClassNotFoundException'{0x0000000085fdb178}: org/gradle/api/internal/project/ProjectScriptCustomizer> (0x0000000085fdb178) thrown at [./src/hotspot/share/classfile/systemDictionary.cpp, line 231]
Event: 19.044 Thread 0x000001735ac3a800 Exception <a 'java/lang/ClassNotFoundException'{0x0000000085ff69c0}: build_1cvqdi5lh229gilgvnotwk69tCustomizer> (0x0000000085ff69c0) thrown at [./src/hotspot/share/classfile/systemDictionary.cpp, line 231]
Event: 19.082 Thread 0x000001735ac3a800 Exception <a 'java/lang/ClassNotFoundException'{0x0000000085e882d8}: org/gradle/plugin/use/internal/PluginRequestCollector$PluginDependenciesSpecImplBeanInfo> (0x0000000085e882d8) thrown at [./src/hotspot/share/classfile/systemDictionary.cpp, line 231]
Event: 19.084 Thread 0x000001735ac3a800 Exception <a 'java/lang/ClassNotFoundException'{0x0000000085eb5a98}: org/gradle/plugin/use/internal/PluginRequestCollector$PluginDependenciesSpecImplCustomizer> (0x0000000085eb5a98) thrown at [./src/hotspot/share/classfile/systemDictionary.cpp, line 231]
Event: 19.096 Thread 0x000001735ac3a800 Exception <a 'java/lang/ClassNotFoundException'{0x0000000085d1cb50}: org/gradle/plugin/use/internal/PluginRequestCollector$PluginDependencySpecImplBeanInfo> (0x0000000085d1cb50) thrown at [./src/hotspot/share/classfile/systemDictionary.cpp, line 231]
Event: 19.098 Thread 0x000001735ac3a800 Exception <a 'java/lang/ClassNotFoundException'{0x0000000085d494c0}: org/gradle/plugin/use/internal/PluginRequestCollector$PluginDependencySpecImplCustomizer> (0x0000000085d494c0) thrown at [./src/hotspot/share/classfile/systemDictionary.cpp, line 231]
Event: 20.396 Thread 0x000001735ac3a800 Exception <a 'java/lang/NoSuchMethodError'{0x000000008444d290}: 'int java.lang.invoke.DirectMethodHandle$Holder.invokeInterface(java.lang.Object, java.lang.Object)'> (0x000000008444d290) thrown at [./src/hotspot/share/interpreter/linkResolver.cpp, line 773]
Event: 20.397 Thread 0x000001735ac3a800 Exception <a 'java/lang/IncompatibleClassChangeError'{0x0000000084450d70}: Found class java.lang.Object, but interface was expected> (0x0000000084450d70) thrown at [./src/hotspot/share/interpreter/linkResolver.cpp, line 839]
Event: 21.772 Thread 0x000001735ac3a800 Exception <a 'java/lang/NoSuchMethodError'{0x0000000087be2518}: 'int java.lang.invoke.DirectMethodHandle$Holder.invokeStaticInit(java.lang.Object)'> (0x0000000087be2518) thrown at [./src/hotspot/share/interpreter/linkResolver.cpp, line 773]
Event: 22.100 Thread 0x000001735ac3a800 Exception <a 'java/lang/NoSuchMethodError'{0x00000000878c1730}: 'void java.lang.invoke.DirectMethodHandle$Holder.invokeStatic(java.lang.Object, java.lang.Object, java.lang.Object, int, java.lang.Object)'> (0x00000000878c1730) thrown at [./src/hotspot/share/interpreter/linkResolver.cpp, line 773]
Event: 22.404 Thread 0x000001735ac3a800 Exception <a 'java/lang/NoSuchMethodError'{0x0000000087163348}: 'java.lang.Object java.lang.invoke.DelegatingMethodHandle$Holder.reinvoke_L(java.lang.Object, java.lang.Object, java.lang.Object, java.lang.Object, java.lang.Object, java.lang.Object, java.lang.Object, java.lang.Object, java.lang.Object, java.lang.Object, java.lang.Object, java.lang.Object, java.lang.Object, java.lang.Object, java.lang.Object, java.lang.Object, java.lang.Object, java.lang.Object, java.lang.Object, java.lang.Object, java.lang.O
Event: 22.405 Thread 0x000001735ac3a800 Exception <a 'java/lang/NoSuchMethodError'{0x000000008716efa8}: 'java.lang.Object java.lang.invoke.Invokers$Holder.invoker(java.lang.Object, java.lang.Object, java.lang.Object, java.lang.Object, java.lang.Object, java.lang.Object, java.lang.Object, java.lang.Object, java.lang.Object, java.lang.Object, java.lang.Object, java.lang.Object, java.lang.Object, java.lang.Object, java.lang.Object, java.lang.Object, java.lang.Object, java.lang.Object, java.lang.Object, java.lang.Object, java.lang.Object)'> (0x00000
Event: 22.406 Thread 0x000001735ac3a800 Exception <a 'java/lang/NoSuchMethodError'{0x0000000087176318}: 'java.lang.Object java.lang.invoke.DelegatingMethodHandle$Holder.delegate(java.lang.Object, java.lang.Object, java.lang.Object, java.lang.Object, java.lang.Object, java.lang.Object, java.lang.Object, java.lang.Object, java.lang.Object, java.lang.Object, java.lang.Object, java.lang.Object, java.lang.Object, java.lang.Object, java.lang.Object, java.lang.Object, java.lang.Object, java.lang.Object, java.lang.Object, java.lang.Object, java.lang.Obj
Event: 22.419 Thread 0x000001735ac3a800 Exception <a 'java/lang/NoSuchMethodError'{0x00000000871e9c50}: 'java.lang.Object java.lang.invoke.DirectMethodHandle$Holder.invokeStatic(java.lang.Object, java.lang.Object, java.lang.Object, java.lang.Object, java.lang.Object, java.lang.Object, java.lang.Object, java.lang.Object, java.lang.Object, java.lang.Object, java.lang.Object, java.lang.Object, java.lang.Object, java.lang.Object, java.lang.Object)'> (0x00000000871e9c50) thrown at [./src/hotspot/share/interpreter/linkResolver.cpp, line 773]
Event: 22.422 Thread 0x000001735ac3a800 Exception <a 'java/lang/NoSuchMethodError'{0x0000000087000980}: 'java.lang.Object java.lang.invoke.DirectMethodHandle$Holder.invokeStatic(java.lang.Object, java.lang.Object, java.lang.Object, java.lang.Object, java.lang.Object, java.lang.Object, java.lang.Object, java.lang.Object, java.lang.Object, java.lang.Object, java.lang.Object, java.lang.Object, java.lang.Object, java.lang.Object, java.lang.Object, java.lang.Object)'> (0x0000000087000980) thrown at [./src/hotspot/share/interpreter/linkResolver.cpp, l
Event: 22.424 Thread 0x000001735ac3a800 Exception <a 'java/lang/NoSuchMethodError'{0x0000000087010ec8}: 'java.lang.Object java.lang.invoke.DelegatingMethodHandle$Holder.reinvoke_L(java.lang.Object, java.lang.Object, java.lang.Object, java.lang.Object, java.lang.Object, java.lang.Object, java.lang.Object, java.lang.Object, java.lang.Object, java.lang.Object, java.lang.Object, java.lang.Object, java.lang.Object, java.lang.Object, java.lang.Object, java.lang.Object, java.lang.Object, java.lang.Object, java.lang.Object, java.lang.Object)'> (0x000000

Events (20 events):
Event: 22.517 loading class org/gradle/internal/component/external/model/AbstractMutableModuleComponentResolveMetadata$FileImpl
Event: 22.517 loading class org/gradle/internal/component/external/model/AbstractMutableModuleComponentResolveMetadata$FileImpl done
Event: 22.518 loading class org/gradle/internal/component/external/model/ComponentVariant$File
Event: 22.518 loading class org/gradle/internal/component/external/model/ComponentVariant$File done
Event: 22.522 loading class org/gradle/internal/component/external/model/AbstractMutableModuleComponentResolveMetadata$ImmutableVariantImpl
Event: 22.522 loading class org/gradle/internal/component/external/model/AbstractMutableModuleComponentResolveMetadata$ImmutableVariantImpl done
Event: 22.524 loading class org/gradle/internal/component/external/model/ComponentVariant
Event: 22.524 loading class org/gradle/internal/component/external/model/ComponentVariant done
Event: 22.525 loading class org/gradle/internal/component/external/model/LazyVariantBackedConfigurationMetadata
Event: 22.525 loading class org/gradle/internal/component/external/model/LazyVariantBackedConfigurationMetadata done
Event: 22.526 loading class org/gradle/internal/component/external/model/AbstractVariantBackedConfigurationMetadata
Event: 22.526 loading class org/gradle/internal/component/external/model/AbstractVariantBackedConfigurationMetadata done
Event: 22.527 loading class org/gradle/internal/component/external/model/LazyVariantBackedConfigurationMetadata$RuleAwareVariant
Event: 22.527 loading class org/gradle/internal/component/external/model/LazyVariantBackedConfigurationMetadata$RuleAwareVariant done
Event: 22.529 loading class org/gradle/internal/component/external/model/GradleDependencyMetadata
Event: 22.529 loading class org/gradle/internal/component/external/model/GradleDependencyMetadata done
Event: 22.851 loading class org/gradle/internal/component/external/descriptor/DefaultExclude
Event: 22.851 loading class org/gradle/internal/component/external/descriptor/DefaultExclude done
Event: 22.853 loading class org/gradle/internal/component/model/Exclude
Event: 22.853 loading class org/gradle/internal/component/model/Exclude done


Dynamic libraries:
0x00007ff683780000 - 0x00007ff68378a000 	C:\Program Files\Android\Android Studio\jre\bin\java.exe
0x00007ffebb670000 - 0x00007ffebb868000 	C:\WINDOWS\SYSTEM32\ntdll.dll
0x00007ffeba310000 - 0x00007ffeba3cd000 	C:\WINDOWS\System32\KERNEL32.DLL
0x00007ffeb92a0000 - 0x00007ffeb956e000 	C:\WINDOWS\System32\KERNELBASE.dll
0x00007ffeb8fa0000 - 0x00007ffeb90a0000 	C:\WINDOWS\System32\ucrtbase.dll
0x00007ffea6860000 - 0x00007ffea6877000 	C:\Program Files\Android\Android Studio\jre\bin\VCRUNTIME140.dll
0x00007ffe856d0000 - 0x00007ffe856e9000 	C:\Program Files\Android\Android Studio\jre\bin\jli.dll
0x00007ffeb9fb0000 - 0x00007ffeba150000 	C:\WINDOWS\System32\USER32.dll
0x00007ffeb95f0000 - 0x00007ffeb9612000 	C:\WINDOWS\System32\win32u.dll
0x00007ffe9c970000 - 0x00007ffe9cc0a000 	C:\WINDOWS\WinSxS\amd64_microsoft.windows.common-controls_6595b64144ccf1df_6.0.19041.1110_none_60b5254171f9507e\COMCTL32.dll
0x00007ffeba4a0000 - 0x00007ffeba4ca000 	C:\WINDOWS\System32\GDI32.dll
0x00007ffeb9620000 - 0x00007ffeb972b000 	C:\WINDOWS\System32\gdi32full.dll
0x00007ffebb590000 - 0x00007ffebb62e000 	C:\WINDOWS\System32\msvcrt.dll
0x00007ffeb90a0000 - 0x00007ffeb913d000 	C:\WINDOWS\System32\msvcp_win.dll
0x00007ffeba780000 - 0x00007ffeba7b0000 	C:\WINDOWS\System32\IMM32.DLL
0x00007ffe528b0000 - 0x00007ffe5294d000 	C:\Program Files\Android\Android Studio\jre\bin\msvcp140.dll
0x00007ffe595f0000 - 0x00007ffe5a0f2000 	C:\Program Files\Android\Android Studio\jre\bin\server\jvm.dll
0x00007ffeb97b0000 - 0x00007ffeb985e000 	C:\WINDOWS\System32\ADVAPI32.dll
0x00007ffeba600000 - 0x00007ffeba69c000 	C:\WINDOWS\System32\sechost.dll
0x00007ffeb9860000 - 0x00007ffeb9985000 	C:\WINDOWS\System32\RPCRT4.dll
0x00007ffeba250000 - 0x00007ffeba258000 	C:\WINDOWS\System32\PSAPI.DLL
0x00007ffe9c150000 - 0x00007ffe9c159000 	C:\WINDOWS\SYSTEM32\WSOCK32.dll
0x00007ffea1c40000 - 0x00007ffea1c67000 	C:\WINDOWS\SYSTEM32\WINMM.dll
0x00007ffeb7bd0000 - 0x00007ffeb7bda000 	C:\WINDOWS\SYSTEM32\VERSION.dll
0x00007ffeba810000 - 0x00007ffeba87b000 	C:\WINDOWS\System32\WS2_32.dll
0x00007ffeb6eb0000 - 0x00007ffeb6ec2000 	C:\WINDOWS\SYSTEM32\kernel.appcore.dll
0x00007ffeb0040000 - 0x00007ffeb0051000 	C:\Program Files\Android\Android Studio\jre\bin\verify.dll
0x00007ffeb3b20000 - 0x00007ffeb3d04000 	C:\WINDOWS\SYSTEM32\DBGHELP.DLL
0x00007ffe9e8c0000 - 0x00007ffe9e8ec000 	C:\WINDOWS\SYSTEM32\dbgcore.DLL
0x00007ffeb8df0000 - 0x00007ffeb8e72000 	C:\WINDOWS\System32\bcryptPrimitives.dll
0x00007ffeafe10000 - 0x00007ffeafe39000 	C:\Program Files\Android\Android Studio\jre\bin\java.dll
0x00007ffeb0030000 - 0x00007ffeb003b000 	C:\Program Files\Android\Android Studio\jre\bin\jimage.dll
0x00007ffeafdf0000 - 0x00007ffeafe08000 	C:\Program Files\Android\Android Studio\jre\bin\zip.dll
0x00007ffebae30000 - 0x00007ffebb574000 	C:\WINDOWS\System32\SHELL32.dll
0x00007ffeb73a0000 - 0x00007ffeb7b34000 	C:\WINDOWS\SYSTEM32\windows.storage.dll
0x00007ffebaa50000 - 0x00007ffebada4000 	C:\WINDOWS\System32\combase.dll
0x00007ffeb87e0000 - 0x00007ffeb8810000 	C:\WINDOWS\SYSTEM32\Wldp.dll
0x00007ffeba260000 - 0x00007ffeba30d000 	C:\WINDOWS\System32\SHCORE.dll
0x00007ffeb9730000 - 0x00007ffeb9785000 	C:\WINDOWS\System32\shlwapi.dll
0x00007ffeb8d30000 - 0x00007ffeb8d4f000 	C:\WINDOWS\SYSTEM32\profapi.dll
0x00007ffeaf8c0000 - 0x00007ffeaf8da000 	C:\Program Files\Android\Android Studio\jre\bin\net.dll
0x00007ffea4370000 - 0x00007ffea447a000 	C:\WINDOWS\SYSTEM32\WINHTTP.dll
0x00007ffeb8540000 - 0x00007ffeb85aa000 	C:\WINDOWS\system32\mswsock.dll
0x00007ffe8bf20000 - 0x00007ffe8bf34000 	C:\Program Files\Android\Android Studio\jre\bin\nio.dll
0x00007ffeb2c70000 - 0x00007ffeb2c97000 	C:\Users\vllah\.gradle\native\e1d6ef7f7dcc3fd88c89a11ec53ec762bb8ba0a96d01ffa2cd45eb1d1d8dd5c5\windows-amd64\native-platform.dll
0x00007ffe490b0000 - 0x00007ffe491f4000 	C:\Users\vllah\.gradle\native\0d407fdbe67a94daf76414ababcb853783967236a71b16ec16e742cd7a986fd3\windows-amd64\native-platform-file-events.dll
0x00007ffeb0020000 - 0x00007ffeb002a000 	C:\Program Files\Android\Android Studio\jre\bin\management.dll
0x00007ffeafde0000 - 0x00007ffeafded000 	C:\Program Files\Android\Android Studio\jre\bin\management_ext.dll
0x00007ffeb8740000 - 0x00007ffeb8758000 	C:\WINDOWS\SYSTEM32\CRYPTSP.dll
0x00007ffeb7ec0000 - 0x00007ffeb7ef4000 	C:\WINDOWS\system32\rsaenh.dll
0x00007ffeb95c0000 - 0x00007ffeb95e7000 	C:\WINDOWS\System32\bcrypt.dll
0x00007ffeb8cf0000 - 0x00007ffeb8d1e000 	C:\WINDOWS\SYSTEM32\USERENV.dll
0x00007ffeb8730000 - 0x00007ffeb873c000 	C:\WINDOWS\SYSTEM32\CRYPTBASE.dll
0x00007ffeb8230000 - 0x00007ffeb826b000 	C:\WINDOWS\SYSTEM32\IPHLPAPI.DLL
0x00007ffebb580000 - 0x00007ffebb588000 	C:\WINDOWS\System32\NSI.dll
0x00007ffea5830000 - 0x00007ffea5847000 	C:\WINDOWS\SYSTEM32\dhcpcsvc6.DLL
0x00007ffea72a0000 - 0x00007ffea72bd000 	C:\WINDOWS\SYSTEM32\dhcpcsvc.DLL
0x00007ffeb8270000 - 0x00007ffeb833b000 	C:\WINDOWS\SYSTEM32\DNSAPI.dll

dbghelp: loaded successfully - version: 4.0.5 - missing functions: none
symbol engine: initialized successfully - sym options: 0x614 - pdb path: .;C:\Program Files\Android\Android Studio\jre\bin;C:\WINDOWS\SYSTEM32;C:\WINDOWS\WinSxS\amd64_microsoft.windows.common-controls_6595b64144ccf1df_6.0.19041.1110_none_60b5254171f9507e;C:\Program Files\Android\Android Studio\jre\bin\server;C:\Users\vllah\.gradle\native\e1d6ef7f7dcc3fd88c89a11ec53ec762bb8ba0a96d01ffa2cd45eb1d1d8dd5c5\windows-amd64;C:\Users\vllah\.gradle\native\0d407fdbe67a94daf76414ababcb853783967236a71b16ec16e742cd7a986fd3\windows-amd64

VM Arguments:
jvm_args: --add-opens=java.base/java.util=ALL-UNNAMED --add-opens=java.base/java.lang=ALL-UNNAMED --add-opens=java.base/java.lang.invoke=ALL-UNNAMED --add-opens=java.base/java.util=ALL-UNNAMED --add-opens=java.prefs/java.util.prefs=ALL-UNNAMED --add-opens=java.prefs/java.util.prefs=ALL-UNNAMED --add-opens=java.base/java.nio.charset=ALL-UNNAMED --add-opens=java.base/java.net=ALL-UNNAMED --add-opens=java.base/java.util.concurrent.atomic=ALL-UNNAMED -Xmx2048m -Dfile.encoding=UTF-8 -Duser.country=GB -Duser.language=en -Duser.variant 
java_command: org.gradle.launcher.daemon.bootstrap.GradleDaemon 7.4
java_class_path (initial): C:\Users\vllah\.gradle\wrapper\dists\gradle-7.4-bin\c0gwcg53nkjbqw7r0h0umtfvt\gradle-7.4\lib\gradle-launcher-7.4.jar
Launcher Type: SUN_STANDARD

[Global flags]
     intx CICompilerCount                          = 3                                         {product} {ergonomic}
     uint ConcGCThreads                            = 1                                         {product} {ergonomic}
     uint G1ConcRefinementThreads                  = 4                                         {product} {ergonomic}
   size_t G1HeapRegionSize                         = 1048576                                   {product} {ergonomic}
    uintx GCDrainStackTargetSize                   = 64                                        {product} {ergonomic}
   size_t InitialHeapSize                          = 134217728                                 {product} {ergonomic}
   size_t MarkStackSize                            = 4194304                                   {product} {ergonomic}
   size_t MaxHeapSize                              = 2147483648                                {product} {command line}
   size_t MaxNewSize                               = 1287651328                                {product} {ergonomic}
   size_t MinHeapDeltaBytes                        = 1048576                                   {product} {ergonomic}
    uintx NonNMethodCodeHeapSize                   = 5830732                                {pd product} {ergonomic}
    uintx NonProfiledCodeHeapSize                  = 122913754                              {pd product} {ergonomic}
    uintx ProfiledCodeHeapSize                     = 122913754                              {pd product} {ergonomic}
    uintx ReservedCodeCacheSize                    = 251658240                              {pd product} {ergonomic}
     bool SegmentedCodeCache                       = true                                      {product} {ergonomic}
     bool UseCompressedClassPointers               = true                                 {lp64_product} {ergonomic}
     bool UseCompressedOops                        = true                                 {lp64_product} {ergonomic}
     bool UseG1GC                                  = true                                      {product} {ergonomic}
     bool UseLargePagesIndividualAllocation        = false                                  {pd product} {ergonomic}

Logging:
Log output configuration:
 #0: stdout all=warning uptime,level,tags
 #1: stderr all=off uptime,level,tags

Environment Variables:
PATH=C:\Program Files\Common Files\Oracle\Java\javapath;C:\WINDOWS\system32;C:\WINDOWS;C:\WINDOWS\System32\Wbem;C:\WINDOWS\System32\WindowsPowerShell\v1.0\;c:\Program Files\Intel\WiFi\bin\;c:\Program Files\Common Files\Intel\WirelessCommon\;C:\WINDOWS\System32\OpenSSH\;C:\Program Files (x86)\Intel\Intel(R) Management Engine Components\DAL;C:\Program Files\Intel\Intel(R) Management Engine Components\DAL;C:\Program Files (x86)\Git\cmd;C:\Users\vllah\AppData\Local\Microsoft\WindowsApps;
USERNAME=vllah
OS=Windows_NT
PROCESSOR_IDENTIFIER=Intel64 Family 6 Model 142 Stepping 9, GenuineIntel



---------------  S Y S T E M  ---------------

OS: Windows 10 , 64 bit Build 19041 (10.0.19041.1806)
OS uptime: 4 days 3:08 hours

CPU:total 4 (initial active 4) (2 cores per cpu, 2 threads per core) family 6 model 142 stepping 9 microcode 0xde, cmov, cx8, fxsr, mmx, sse, sse2, sse3, ssse3, sse4.1, sse4.2, popcnt, avx, avx2, aes, clmul, erms, rtm, 3dnowpref, lzcnt, ht, tsc, tscinvbit, bmi1, bmi2, adx, fma

Memory: 4k page, system-wide physical 8067M (81M free)
TotalPageFile size 12163M (AvailPageFile size 0M)
current process WorkingSet (physical memory assigned to process): 224M, peak: 240M
current process commit charge ("private bytes"): 307M, peak: 312M

vm_info: OpenJDK 64-Bit Server VM (11.0.13+0-b1751.21-8125866) for windows-amd64 JRE (11.0.13+0-b1751.21-8125866), built on Feb  2 2022 03:00:22 by "builder" with MS VC++ 14.0 (VS2015)

END.
